-------------------------------------------------------------------------------
Test set: com.mpp.backend.controller.AuthControllerTest
-------------------------------------------------------------------------------
Tests run: 7, Failures: 1, Errors: 0, Skipped: 0, Time elapsed: 0.180 s <<< FAILURE! -- in com.mpp.backend.controller.AuthControllerTest
com.mpp.backend.controller.AuthControllerTest.shouldRejectInvalidLoginRequest -- Time elapsed: 0.014 s <<< FAILURE!
java.lang.AssertionError: Status expected:<401> but was:<400>
	at org.springframework.test.util.AssertionErrors.fail(AssertionErrors.java:59)
	at org.springframework.test.util.AssertionErrors.assertEquals(AssertionErrors.java:122)
	at org.springframework.test.web.servlet.result.StatusResultMatchers.lambda$matcher$9(StatusResultMatchers.java:637)
	at org.springframework.test.web.servlet.MockMvc$1.andExpect(MockMvc.java:214)
	at com.mpp.backend.controller.AuthControllerTest.shouldRejectInvalidLoginRequest(AuthControllerTest.java:93)
	at java.base/java.lang.reflect.Method.invoke(Method.java:565)
	at java.base/java.util.ArrayList.forEach(ArrayList.java:1604)
	at java.base/java.util.ArrayList.forEach(ArrayList.java:1604)

